Start testing: Nov 25 11:04 CET
----------------------------------------------------------
1/2 Testing: test1
1/2 Test: test1
Command: "/home/desaiin/Documents/US3/WiSe-2021-22/SSE/lecture-materials/building-and-packaging/material/examples/cmake/build/helloworld"
Directory: /home/desaiin/Documents/US3/WiSe-2021-22/SSE/lecture-materials/building-and-packaging/material/examples/cmake/build
"test1" start time: Nov 25 11:04 CET
Output:
----------------------------------------------------------
Hello World!
<end of output>
Test time =   0.00 sec
----------------------------------------------------------
Test Passed.
"test1" end time: Nov 25 11:04 CET
"test1" time elapsed: 00:00:00
----------------------------------------------------------

2/2 Testing: test2
2/2 Test: test2
Command: "/home/desaiin/Documents/US3/WiSe-2021-22/SSE/lecture-materials/building-and-packaging/material/examples/cmake/build/helloworld" "someparam"
Directory: /home/desaiin/Documents/US3/WiSe-2021-22/SSE/lecture-materials/building-and-packaging/material/examples/cmake/build
"test2" start time: Nov 25 11:04 CET
Output:
----------------------------------------------------------
Hello World!
<end of output>
Test time =   0.00 sec
----------------------------------------------------------
Test Passed.
"test2" end time: Nov 25 11:04 CET
"test2" time elapsed: 00:00:00
----------------------------------------------------------

End testing: Nov 25 11:04 CET
